<?xml version="1.0" encoding="UTF-8"?>
<testsuite xmlns:xsi="http://www.w3.org/2001/XMLSchema-instance" xsi:noNamespaceSchemaLocation="https://maven.apache.org/surefire/maven-surefire-plugin/xsd/surefire-test-report-3.0.xsd" version="3.0" name="io.entest.AppTest" time="0.096" tests="1" errors="0" skipped="0" failures="0">
  <properties>
    <property name="java.specification.version" value="17"/>
    <property name="sun.jnu.encoding" value="UTF-8"/>
    <property name="java.class.path" value="/ubuntu-data/home/ubuntu/workspace/data-engineering-with-aws/aws-kinesis-notebook/java-producer/target/test-classes:/ubuntu-data/home/ubuntu/workspace/data-engineering-with-aws/aws-kinesis-notebook/java-producer/target/classes:/home/ec2-user/.m2/repository/junit/junit/4.12/junit-4.12.jar:/home/ec2-user/.m2/repository/org/hamcrest/hamcrest-core/1.3/hamcrest-core-1.3.jar:/home/ec2-user/.m2/repository/com/amazonaws/amazon-kinesis-producer/0.14.8/amazon-kinesis-producer-0.14.8.jar:/home/ec2-user/.m2/repository/com/google/guava/guava/29.0-jre/guava-29.0-jre.jar:/home/ec2-user/.m2/repository/com/google/guava/failureaccess/1.0.1/failureaccess-1.0.1.jar:/home/ec2-user/.m2/repository/com/google/guava/listenablefuture/9999.0-empty-to-avoid-conflict-with-guava/listenablefuture-9999.0-empty-to-avoid-conflict-with-guava.jar:/home/ec2-user/.m2/repository/com/google/code/findbugs/jsr305/3.0.2/jsr305-3.0.2.jar:/home/ec2-user/.m2/repository/org/checkerframework/checker-qual/2.11.1/checker-qual-2.11.1.jar:/home/ec2-user/.m2/repository/com/google/errorprone/error_prone_annotations/2.3.4/error_prone_annotations-2.3.4.jar:/home/ec2-user/.m2/repository/com/google/j2objc/j2objc-annotations/1.3/j2objc-annotations-1.3.jar:/home/ec2-user/.m2/repository/com/google/protobuf/protobuf-java/3.11.4/protobuf-java-3.11.4.jar:/home/ec2-user/.m2/repository/commons-io/commons-io/2.7/commons-io-2.7.jar:/home/ec2-user/.m2/repository/commons-lang/commons-lang/2.6/commons-lang-2.6.jar:/home/ec2-user/.m2/repository/com/amazonaws/aws-java-sdk-core/1.11.960/aws-java-sdk-core-1.11.960.jar:/home/ec2-user/.m2/repository/commons-logging/commons-logging/1.1.3/commons-logging-1.1.3.jar:/home/ec2-user/.m2/repository/software/amazon/ion/ion-java/1.0.2/ion-java-1.0.2.jar:/home/ec2-user/.m2/repository/joda-time/joda-time/2.8.1/joda-time-2.8.1.jar:/home/ec2-user/.m2/repository/software/amazon/glue/schema-registry-serde/1.1.1/schema-registry-serde-1.1.1.jar:/home/ec2-user/.m2/repository/software/amazon/glue/schema-registry-common/1.1.1/schema-registry-common-1.1.1.jar:/home/ec2-user/.m2/repository/software/amazon/awssdk/glue/2.16.92/glue-2.16.92.jar:/home/ec2-user/.m2/repository/software/amazon/glue/schema-registry-build-tools/1.1.1/schema-registry-build-tools-1.1.1.jar:/home/ec2-user/.m2/repository/software/amazon/awssdk/url-connection-client/2.16.92/url-connection-client-2.16.92.jar:/home/ec2-user/.m2/repository/org/apache/avro/avro/1.10.2/avro-1.10.2.jar:/home/ec2-user/.m2/repository/org/apache/commons/commons-lang3/3.8.1/commons-lang3-3.8.1.jar:/home/ec2-user/.m2/repository/org/projectlombok/lombok/1.18.20/lombok-1.18.20.jar:/home/ec2-user/.m2/repository/org/projectlombok/lombok-utils/1.18.12/lombok-utils-1.18.12.jar:/home/ec2-user/.m2/repository/org/apache/kafka/kafka-clients/2.5.0/kafka-clients-2.5.0.jar:/home/ec2-user/.m2/repository/com/github/luben/zstd-jni/1.4.4-7/zstd-jni-1.4.4-7.jar:/home/ec2-user/.m2/repository/org/lz4/lz4-java/1.7.1/lz4-java-1.7.1.jar:/home/ec2-user/.m2/repository/org/xerial/snappy/snappy-java/1.1.7.3/snappy-java-1.1.7.3.jar:/home/ec2-user/.m2/repository/com/kjetland/mbknor-jackson-jsonschema_2.12/1.0.39/mbknor-jackson-jsonschema_2.12-1.0.39.jar:/home/ec2-user/.m2/repository/org/scala-lang/scala-library/2.12.10/scala-library-2.12.10.jar:/home/ec2-user/.m2/repository/org/jetbrains/kotlin/kotlin-scripting-compiler-embeddable/1.3.50/kotlin-scripting-compiler-embeddable-1.3.50.jar:/home/ec2-user/.m2/repository/org/jetbrains/kotlin/kotlin-scripting-compiler-impl-embeddable/1.3.50/kotlin-scripting-compiler-impl-embeddable-1.3.50.jar:/home/ec2-user/.m2/repository/org/jetbrains/kotlin/kotlin-scripting-common/1.3.50/kotlin-scripting-common-1.3.50.jar:/home/ec2-user/.m2/repository/org/jetbrains/kotlin/kotlin-reflect/1.3.50/kotlin-reflect-1.3.50.jar:/home/ec2-user/.m2/repository/org/jetbrains/kotlin/kotlin-scripting-jvm/1.3.50/kotlin-scripting-jvm-1.3.50.jar:/home/ec2-user/.m2/repository/org/jetbrains/kotlin/kotlin-script-runtime/1.3.50/kotlin-script-runtime-1.3.50.jar:/home/ec2-user/.m2/repository/org/jetbrains/kotlinx/kotlinx-coroutines-core/1.1.1/kotlinx-coroutines-core-1.1.1.jar:/home/ec2-user/.m2/repository/org/jetbrains/kotlin/kotlin-stdlib/1.3.50/kotlin-stdlib-1.3.50.jar:/home/ec2-user/.m2/repository/org/jetbrains/kotlin/kotlin-stdlib-common/1.3.50/kotlin-stdlib-common-1.3.50.jar:/home/ec2-user/.m2/repository/org/jetbrains/annotations/13.0/annotations-13.0.jar:/home/ec2-user/.m2/repository/javax/validation/validation-api/2.0.1.Final/validation-api-2.0.1.Final.jar:/home/ec2-user/.m2/repository/io/github/classgraph/classgraph/4.8.21/classgraph-4.8.21.jar:/home/ec2-user/.m2/repository/com/github/erosb/everit-json-schema/1.12.2/everit-json-schema-1.12.2.jar:/home/ec2-user/.m2/repository/commons-validator/commons-validator/1.6/commons-validator-1.6.jar:/home/ec2-user/.m2/repository/commons-digester/commons-digester/1.8.1/commons-digester-1.8.1.jar:/home/ec2-user/.m2/repository/commons-collections/commons-collections/3.2.2/commons-collections-3.2.2.jar:/home/ec2-user/.m2/repository/com/damnhandy/handy-uri-templates/2.1.8/handy-uri-templates-2.1.8.jar:/home/ec2-user/.m2/repository/com/google/re2j/re2j/1.3/re2j-1.3.jar:/home/ec2-user/.m2/repository/jakarta/xml/bind/jakarta.xml.bind-api/2.3.2/jakarta.xml.bind-api-2.3.2.jar:/home/ec2-user/.m2/repository/jakarta/activation/jakarta.activation-api/1.2.1/jakarta.activation-api-1.2.1.jar:/home/ec2-user/.m2/repository/software/amazon/awssdk/kinesis/2.15.66/kinesis-2.15.66.jar:/home/ec2-user/.m2/repository/software/amazon/awssdk/aws-cbor-protocol/2.15.66/aws-cbor-protocol-2.15.66.jar:/home/ec2-user/.m2/repository/com/fasterxml/jackson/dataformat/jackson-dataformat-cbor/2.10.5/jackson-dataformat-cbor-2.10.5.jar:/home/ec2-user/.m2/repository/software/amazon/awssdk/aws-json-protocol/2.15.66/aws-json-protocol-2.15.66.jar:/home/ec2-user/.m2/repository/software/amazon/awssdk/protocol-core/2.15.66/protocol-core-2.15.66.jar:/home/ec2-user/.m2/repository/software/amazon/awssdk/profiles/2.15.66/profiles-2.15.66.jar:/home/ec2-user/.m2/repository/software/amazon/awssdk/sdk-core/2.15.66/sdk-core-2.15.66.jar:/home/ec2-user/.m2/repository/org/reactivestreams/reactive-streams/1.0.2/reactive-streams-1.0.2.jar:/home/ec2-user/.m2/repository/software/amazon/awssdk/auth/2.15.66/auth-2.15.66.jar:/home/ec2-user/.m2/repository/software/amazon/eventstream/eventstream/1.0.1/eventstream-1.0.1.jar:/home/ec2-user/.m2/repository/software/amazon/awssdk/http-client-spi/2.15.66/http-client-spi-2.15.66.jar:/home/ec2-user/.m2/repository/software/amazon/awssdk/regions/2.15.66/regions-2.15.66.jar:/home/ec2-user/.m2/repository/software/amazon/awssdk/annotations/2.15.66/annotations-2.15.66.jar:/home/ec2-user/.m2/repository/software/amazon/awssdk/utils/2.15.66/utils-2.15.66.jar:/home/ec2-user/.m2/repository/software/amazon/awssdk/aws-core/2.15.66/aws-core-2.15.66.jar:/home/ec2-user/.m2/repository/software/amazon/awssdk/metrics-spi/2.15.66/metrics-spi-2.15.66.jar:/home/ec2-user/.m2/repository/software/amazon/awssdk/apache-client/2.15.66/apache-client-2.15.66.jar:/home/ec2-user/.m2/repository/org/apache/httpcomponents/httpclient/4.5.13/httpclient-4.5.13.jar:/home/ec2-user/.m2/repository/commons-codec/commons-codec/1.11/commons-codec-1.11.jar:/home/ec2-user/.m2/repository/org/apache/httpcomponents/httpcore/4.4.11/httpcore-4.4.11.jar:/home/ec2-user/.m2/repository/software/amazon/awssdk/netty-nio-client/2.15.66/netty-nio-client-2.15.66.jar:/home/ec2-user/.m2/repository/io/netty/netty-codec-http/4.1.53.Final/netty-codec-http-4.1.53.Final.jar:/home/ec2-user/.m2/repository/io/netty/netty-codec-http2/4.1.53.Final/netty-codec-http2-4.1.53.Final.jar:/home/ec2-user/.m2/repository/io/netty/netty-codec/4.1.53.Final/netty-codec-4.1.53.Final.jar:/home/ec2-user/.m2/repository/io/netty/netty-transport/4.1.53.Final/netty-transport-4.1.53.Final.jar:/home/ec2-user/.m2/repository/io/netty/netty-resolver/4.1.53.Final/netty-resolver-4.1.53.Final.jar:/home/ec2-user/.m2/repository/io/netty/netty-common/4.1.53.Final/netty-common-4.1.53.Final.jar:/home/ec2-user/.m2/repository/io/netty/netty-buffer/4.1.53.Final/netty-buffer-4.1.53.Final.jar:/home/ec2-user/.m2/repository/io/netty/netty-handler/4.1.53.Final/netty-handler-4.1.53.Final.jar:/home/ec2-user/.m2/repository/io/netty/netty-transport-native-epoll/4.1.53.Final/netty-transport-native-epoll-4.1.53.Final-linux-x86_64.jar:/home/ec2-user/.m2/repository/io/netty/netty-transport-native-unix-common/4.1.53.Final/netty-transport-native-unix-common-4.1.53.Final.jar:/home/ec2-user/.m2/repository/com/typesafe/netty/netty-reactive-streams-http/2.0.4/netty-reactive-streams-http-2.0.4.jar:/home/ec2-user/.m2/repository/com/typesafe/netty/netty-reactive-streams/2.0.4/netty-reactive-streams-2.0.4.jar:/home/ec2-user/.m2/repository/software/amazon/awssdk/s3/2.15.66/s3-2.15.66.jar:/home/ec2-user/.m2/repository/software/amazon/awssdk/aws-xml-protocol/2.15.66/aws-xml-protocol-2.15.66.jar:/home/ec2-user/.m2/repository/software/amazon/awssdk/aws-query-protocol/2.15.66/aws-query-protocol-2.15.66.jar:/home/ec2-user/.m2/repository/software/amazon/awssdk/arns/2.15.66/arns-2.15.66.jar:/home/ec2-user/.m2/repository/org/slf4j/slf4j-api/1.7.29/slf4j-api-1.7.29.jar:/home/ec2-user/.m2/repository/org/slf4j/slf4j-log4j12/1.7.29/slf4j-log4j12-1.7.29.jar:/home/ec2-user/.m2/repository/log4j/log4j/1.2.17/log4j-1.2.17.jar:/home/ec2-user/.m2/repository/commons-cli/commons-cli/1.4/commons-cli-1.4.jar:/home/ec2-user/.m2/repository/org/apache/commons/commons-compress/1.20/commons-compress-1.20.jar:/home/ec2-user/.m2/repository/com/fasterxml/jackson/dataformat/jackson-dataformat-csv/2.12.3/jackson-dataformat-csv-2.12.3.jar:/home/ec2-user/.m2/repository/com/fasterxml/jackson/core/jackson-databind/2.12.3/jackson-databind-2.12.3.jar:/home/ec2-user/.m2/repository/com/fasterxml/jackson/core/jackson-annotations/2.12.3/jackson-annotations-2.12.3.jar:/home/ec2-user/.m2/repository/com/fasterxml/jackson/core/jackson-core/2.12.3/jackson-core-2.12.3.jar:/home/ec2-user/.m2/repository/org/json/json/20160212/json-20160212.jar:"/>
    <property name="java.vm.vendor" value="Amazon.com Inc."/>
    <property name="sun.arch.data.model" value="64"/>
    <property name="java.vendor.url" value="https://aws.amazon.com/corretto/"/>
    <property name="os.name" value="Linux"/>
    <property name="java.vm.specification.version" value="17"/>
    <property name="sun.java.launcher" value="SUN_STANDARD"/>
    <property name="sun.boot.library.path" value="/usr/lib/jvm/java-17-amazon-corretto.x86_64/lib"/>
    <property name="sun.java.command" value="/ubuntu-data/home/ubuntu/workspace/data-engineering-with-aws/aws-kinesis-notebook/java-producer/target/surefire/surefirebooter-20230721151231334_3.jar /ubuntu-data/home/ubuntu/workspace/data-engineering-with-aws/aws-kinesis-notebook/java-producer/target/surefire 2023-07-21T15-12-31_183-jvmRun1 surefire-20230721151231334_1tmp surefire_0-20230721151231334_2tmp"/>
    <property name="jdk.debug" value="release"/>
    <property name="surefire.test.class.path" value="/ubuntu-data/home/ubuntu/workspace/data-engineering-with-aws/aws-kinesis-notebook/java-producer/target/test-classes:/ubuntu-data/home/ubuntu/workspace/data-engineering-with-aws/aws-kinesis-notebook/java-producer/target/classes:/home/ec2-user/.m2/repository/junit/junit/4.12/junit-4.12.jar:/home/ec2-user/.m2/repository/org/hamcrest/hamcrest-core/1.3/hamcrest-core-1.3.jar:/home/ec2-user/.m2/repository/com/amazonaws/amazon-kinesis-producer/0.14.8/amazon-kinesis-producer-0.14.8.jar:/home/ec2-user/.m2/repository/com/google/guava/guava/29.0-jre/guava-29.0-jre.jar:/home/ec2-user/.m2/repository/com/google/guava/failureaccess/1.0.1/failureaccess-1.0.1.jar:/home/ec2-user/.m2/repository/com/google/guava/listenablefuture/9999.0-empty-to-avoid-conflict-with-guava/listenablefuture-9999.0-empty-to-avoid-conflict-with-guava.jar:/home/ec2-user/.m2/repository/com/google/code/findbugs/jsr305/3.0.2/jsr305-3.0.2.jar:/home/ec2-user/.m2/repository/org/checkerframework/checker-qual/2.11.1/checker-qual-2.11.1.jar:/home/ec2-user/.m2/repository/com/google/errorprone/error_prone_annotations/2.3.4/error_prone_annotations-2.3.4.jar:/home/ec2-user/.m2/repository/com/google/j2objc/j2objc-annotations/1.3/j2objc-annotations-1.3.jar:/home/ec2-user/.m2/repository/com/google/protobuf/protobuf-java/3.11.4/protobuf-java-3.11.4.jar:/home/ec2-user/.m2/repository/commons-io/commons-io/2.7/commons-io-2.7.jar:/home/ec2-user/.m2/repository/commons-lang/commons-lang/2.6/commons-lang-2.6.jar:/home/ec2-user/.m2/repository/com/amazonaws/aws-java-sdk-core/1.11.960/aws-java-sdk-core-1.11.960.jar:/home/ec2-user/.m2/repository/commons-logging/commons-logging/1.1.3/commons-logging-1.1.3.jar:/home/ec2-user/.m2/repository/software/amazon/ion/ion-java/1.0.2/ion-java-1.0.2.jar:/home/ec2-user/.m2/repository/joda-time/joda-time/2.8.1/joda-time-2.8.1.jar:/home/ec2-user/.m2/repository/software/amazon/glue/schema-registry-serde/1.1.1/schema-registry-serde-1.1.1.jar:/home/ec2-user/.m2/repository/software/amazon/glue/schema-registry-common/1.1.1/schema-registry-common-1.1.1.jar:/home/ec2-user/.m2/repository/software/amazon/awssdk/glue/2.16.92/glue-2.16.92.jar:/home/ec2-user/.m2/repository/software/amazon/glue/schema-registry-build-tools/1.1.1/schema-registry-build-tools-1.1.1.jar:/home/ec2-user/.m2/repository/software/amazon/awssdk/url-connection-client/2.16.92/url-connection-client-2.16.92.jar:/home/ec2-user/.m2/repository/org/apache/avro/avro/1.10.2/avro-1.10.2.jar:/home/ec2-user/.m2/repository/org/apache/commons/commons-lang3/3.8.1/commons-lang3-3.8.1.jar:/home/ec2-user/.m2/repository/org/projectlombok/lombok/1.18.20/lombok-1.18.20.jar:/home/ec2-user/.m2/repository/org/projectlombok/lombok-utils/1.18.12/lombok-utils-1.18.12.jar:/home/ec2-user/.m2/repository/org/apache/kafka/kafka-clients/2.5.0/kafka-clients-2.5.0.jar:/home/ec2-user/.m2/repository/com/github/luben/zstd-jni/1.4.4-7/zstd-jni-1.4.4-7.jar:/home/ec2-user/.m2/repository/org/lz4/lz4-java/1.7.1/lz4-java-1.7.1.jar:/home/ec2-user/.m2/repository/org/xerial/snappy/snappy-java/1.1.7.3/snappy-java-1.1.7.3.jar:/home/ec2-user/.m2/repository/com/kjetland/mbknor-jackson-jsonschema_2.12/1.0.39/mbknor-jackson-jsonschema_2.12-1.0.39.jar:/home/ec2-user/.m2/repository/org/scala-lang/scala-library/2.12.10/scala-library-2.12.10.jar:/home/ec2-user/.m2/repository/org/jetbrains/kotlin/kotlin-scripting-compiler-embeddable/1.3.50/kotlin-scripting-compiler-embeddable-1.3.50.jar:/home/ec2-user/.m2/repository/org/jetbrains/kotlin/kotlin-scripting-compiler-impl-embeddable/1.3.50/kotlin-scripting-compiler-impl-embeddable-1.3.50.jar:/home/ec2-user/.m2/repository/org/jetbrains/kotlin/kotlin-scripting-common/1.3.50/kotlin-scripting-common-1.3.50.jar:/home/ec2-user/.m2/repository/org/jetbrains/kotlin/kotlin-reflect/1.3.50/kotlin-reflect-1.3.50.jar:/home/ec2-user/.m2/repository/org/jetbrains/kotlin/kotlin-scripting-jvm/1.3.50/kotlin-scripting-jvm-1.3.50.jar:/home/ec2-user/.m2/repository/org/jetbrains/kotlin/kotlin-script-runtime/1.3.50/kotlin-script-runtime-1.3.50.jar:/home/ec2-user/.m2/repository/org/jetbrains/kotlinx/kotlinx-coroutines-core/1.1.1/kotlinx-coroutines-core-1.1.1.jar:/home/ec2-user/.m2/repository/org/jetbrains/kotlin/kotlin-stdlib/1.3.50/kotlin-stdlib-1.3.50.jar:/home/ec2-user/.m2/repository/org/jetbrains/kotlin/kotlin-stdlib-common/1.3.50/kotlin-stdlib-common-1.3.50.jar:/home/ec2-user/.m2/repository/org/jetbrains/annotations/13.0/annotations-13.0.jar:/home/ec2-user/.m2/repository/javax/validation/validation-api/2.0.1.Final/validation-api-2.0.1.Final.jar:/home/ec2-user/.m2/repository/io/github/classgraph/classgraph/4.8.21/classgraph-4.8.21.jar:/home/ec2-user/.m2/repository/com/github/erosb/everit-json-schema/1.12.2/everit-json-schema-1.12.2.jar:/home/ec2-user/.m2/repository/commons-validator/commons-validator/1.6/commons-validator-1.6.jar:/home/ec2-user/.m2/repository/commons-digester/commons-digester/1.8.1/commons-digester-1.8.1.jar:/home/ec2-user/.m2/repository/commons-collections/commons-collections/3.2.2/commons-collections-3.2.2.jar:/home/ec2-user/.m2/repository/com/damnhandy/handy-uri-templates/2.1.8/handy-uri-templates-2.1.8.jar:/home/ec2-user/.m2/repository/com/google/re2j/re2j/1.3/re2j-1.3.jar:/home/ec2-user/.m2/repository/jakarta/xml/bind/jakarta.xml.bind-api/2.3.2/jakarta.xml.bind-api-2.3.2.jar:/home/ec2-user/.m2/repository/jakarta/activation/jakarta.activation-api/1.2.1/jakarta.activation-api-1.2.1.jar:/home/ec2-user/.m2/repository/software/amazon/awssdk/kinesis/2.15.66/kinesis-2.15.66.jar:/home/ec2-user/.m2/repository/software/amazon/awssdk/aws-cbor-protocol/2.15.66/aws-cbor-protocol-2.15.66.jar:/home/ec2-user/.m2/repository/com/fasterxml/jackson/dataformat/jackson-dataformat-cbor/2.10.5/jackson-dataformat-cbor-2.10.5.jar:/home/ec2-user/.m2/repository/software/amazon/awssdk/aws-json-protocol/2.15.66/aws-json-protocol-2.15.66.jar:/home/ec2-user/.m2/repository/software/amazon/awssdk/protocol-core/2.15.66/protocol-core-2.15.66.jar:/home/ec2-user/.m2/repository/software/amazon/awssdk/profiles/2.15.66/profiles-2.15.66.jar:/home/ec2-user/.m2/repository/software/amazon/awssdk/sdk-core/2.15.66/sdk-core-2.15.66.jar:/home/ec2-user/.m2/repository/org/reactivestreams/reactive-streams/1.0.2/reactive-streams-1.0.2.jar:/home/ec2-user/.m2/repository/software/amazon/awssdk/auth/2.15.66/auth-2.15.66.jar:/home/ec2-user/.m2/repository/software/amazon/eventstream/eventstream/1.0.1/eventstream-1.0.1.jar:/home/ec2-user/.m2/repository/software/amazon/awssdk/http-client-spi/2.15.66/http-client-spi-2.15.66.jar:/home/ec2-user/.m2/repository/software/amazon/awssdk/regions/2.15.66/regions-2.15.66.jar:/home/ec2-user/.m2/repository/software/amazon/awssdk/annotations/2.15.66/annotations-2.15.66.jar:/home/ec2-user/.m2/repository/software/amazon/awssdk/utils/2.15.66/utils-2.15.66.jar:/home/ec2-user/.m2/repository/software/amazon/awssdk/aws-core/2.15.66/aws-core-2.15.66.jar:/home/ec2-user/.m2/repository/software/amazon/awssdk/metrics-spi/2.15.66/metrics-spi-2.15.66.jar:/home/ec2-user/.m2/repository/software/amazon/awssdk/apache-client/2.15.66/apache-client-2.15.66.jar:/home/ec2-user/.m2/repository/org/apache/httpcomponents/httpclient/4.5.13/httpclient-4.5.13.jar:/home/ec2-user/.m2/repository/commons-codec/commons-codec/1.11/commons-codec-1.11.jar:/home/ec2-user/.m2/repository/org/apache/httpcomponents/httpcore/4.4.11/httpcore-4.4.11.jar:/home/ec2-user/.m2/repository/software/amazon/awssdk/netty-nio-client/2.15.66/netty-nio-client-2.15.66.jar:/home/ec2-user/.m2/repository/io/netty/netty-codec-http/4.1.53.Final/netty-codec-http-4.1.53.Final.jar:/home/ec2-user/.m2/repository/io/netty/netty-codec-http2/4.1.53.Final/netty-codec-http2-4.1.53.Final.jar:/home/ec2-user/.m2/repository/io/netty/netty-codec/4.1.53.Final/netty-codec-4.1.53.Final.jar:/home/ec2-user/.m2/repository/io/netty/netty-transport/4.1.53.Final/netty-transport-4.1.53.Final.jar:/home/ec2-user/.m2/repository/io/netty/netty-resolver/4.1.53.Final/netty-resolver-4.1.53.Final.jar:/home/ec2-user/.m2/repository/io/netty/netty-common/4.1.53.Final/netty-common-4.1.53.Final.jar:/home/ec2-user/.m2/repository/io/netty/netty-buffer/4.1.53.Final/netty-buffer-4.1.53.Final.jar:/home/ec2-user/.m2/repository/io/netty/netty-handler/4.1.53.Final/netty-handler-4.1.53.Final.jar:/home/ec2-user/.m2/repository/io/netty/netty-transport-native-epoll/4.1.53.Final/netty-transport-native-epoll-4.1.53.Final-linux-x86_64.jar:/home/ec2-user/.m2/repository/io/netty/netty-transport-native-unix-common/4.1.53.Final/netty-transport-native-unix-common-4.1.53.Final.jar:/home/ec2-user/.m2/repository/com/typesafe/netty/netty-reactive-streams-http/2.0.4/netty-reactive-streams-http-2.0.4.jar:/home/ec2-user/.m2/repository/com/typesafe/netty/netty-reactive-streams/2.0.4/netty-reactive-streams-2.0.4.jar:/home/ec2-user/.m2/repository/software/amazon/awssdk/s3/2.15.66/s3-2.15.66.jar:/home/ec2-user/.m2/repository/software/amazon/awssdk/aws-xml-protocol/2.15.66/aws-xml-protocol-2.15.66.jar:/home/ec2-user/.m2/repository/software/amazon/awssdk/aws-query-protocol/2.15.66/aws-query-protocol-2.15.66.jar:/home/ec2-user/.m2/repository/software/amazon/awssdk/arns/2.15.66/arns-2.15.66.jar:/home/ec2-user/.m2/repository/org/slf4j/slf4j-api/1.7.29/slf4j-api-1.7.29.jar:/home/ec2-user/.m2/repository/org/slf4j/slf4j-log4j12/1.7.29/slf4j-log4j12-1.7.29.jar:/home/ec2-user/.m2/repository/log4j/log4j/1.2.17/log4j-1.2.17.jar:/home/ec2-user/.m2/repository/commons-cli/commons-cli/1.4/commons-cli-1.4.jar:/home/ec2-user/.m2/repository/org/apache/commons/commons-compress/1.20/commons-compress-1.20.jar:/home/ec2-user/.m2/repository/com/fasterxml/jackson/dataformat/jackson-dataformat-csv/2.12.3/jackson-dataformat-csv-2.12.3.jar:/home/ec2-user/.m2/repository/com/fasterxml/jackson/core/jackson-databind/2.12.3/jackson-databind-2.12.3.jar:/home/ec2-user/.m2/repository/com/fasterxml/jackson/core/jackson-annotations/2.12.3/jackson-annotations-2.12.3.jar:/home/ec2-user/.m2/repository/com/fasterxml/jackson/core/jackson-core/2.12.3/jackson-core-2.12.3.jar:/home/ec2-user/.m2/repository/org/json/json/20160212/json-20160212.jar:"/>
    <property name="sun.cpu.endian" value="little"/>
    <property name="user.home" value="/home/ec2-user"/>
    <property name="user.language" value="en"/>
    <property name="java.specification.vendor" value="Oracle Corporation"/>
    <property name="java.version.date" value="2023-04-18"/>
    <property name="java.home" value="/usr/lib/jvm/java-17-amazon-corretto.x86_64"/>
    <property name="file.separator" value="/"/>
    <property name="basedir" value="/ubuntu-data/home/ubuntu/workspace/data-engineering-with-aws/aws-kinesis-notebook/java-producer"/>
    <property name="java.vm.compressedOopsMode" value="32-bit"/>
    <property name="line.separator" value="&#10;"/>
    <property name="java.vm.specification.vendor" value="Oracle Corporation"/>
    <property name="java.specification.name" value="Java Platform API Specification"/>
    <property name="surefire.real.class.path" value="/ubuntu-data/home/ubuntu/workspace/data-engineering-with-aws/aws-kinesis-notebook/java-producer/target/surefire/surefirebooter-20230721151231334_3.jar"/>
    <property name="sun.management.compiler" value="HotSpot 64-Bit Tiered Compilers"/>
    <property name="java.runtime.version" value="17.0.7+7-LTS"/>
    <property name="user.name" value="ec2-user"/>
    <property name="path.separator" value=":"/>
    <property name="os.version" value="6.1.34-59.116.amzn2023.x86_64"/>
    <property name="java.runtime.name" value="OpenJDK Runtime Environment"/>
    <property name="file.encoding" value="UTF-8"/>
    <property name="java.vm.name" value="OpenJDK 64-Bit Server VM"/>
    <property name="java.vendor.version" value="Corretto-17.0.7.7.1"/>
    <property name="localRepository" value="/home/ec2-user/.m2/repository"/>
    <property name="java.vendor.url.bug" value="https://github.com/corretto/corretto-17/issues/"/>
    <property name="java.io.tmpdir" value="/tmp"/>
    <property name="java.version" value="17.0.7"/>
    <property name="user.dir" value="/ubuntu-data/home/ubuntu/workspace/data-engineering-with-aws/aws-kinesis-notebook/java-producer"/>
    <property name="os.arch" value="amd64"/>
    <property name="java.vm.specification.name" value="Java Virtual Machine Specification"/>
    <property name="native.encoding" value="UTF-8"/>
    <property name="java.library.path" value="/usr/java/packages/lib:/usr/lib64:/lib64:/lib:/usr/lib"/>
    <property name="java.vm.info" value="mixed mode, sharing"/>
    <property name="java.vendor" value="Amazon.com Inc."/>
    <property name="java.vm.version" value="17.0.7+7-LTS"/>
    <property name="sun.io.unicode.encoding" value="UnicodeLittle"/>
    <property name="java.class.version" value="61.0"/>
  </properties>
  <testcase name="shouldAnswerWithTrue" classname="io.entest.AppTest" time="0.002"/>
</testsuite>